<?xml version="1.0" encoding="UTF-8"?>
<!-- Generated by org.testng.reporters.JUnitXMLReporter -->
<testsuite hostname="ULTP-478" name="Default test" tests="12" failures="0" timestamp="30 May 2018 14:43:43 GMT" time="303.404" errors="0">
  <testcase name="" time="0.02" classname="login.ExtentReport"/>
  <testcase name="" time="0.0" classname="login.ExtentReport">
    <skipped/>
  </testcase> <!--  -->
  <testcase name="" time="17.368" classname="login.ExtentReport"/>
  <testcase name="" time="21.532" classname="login.ExtentReport"/>
  <testcase name="" time="33.622" classname="login.ExtentReport"/>
  <testcase name="" time="21.32" classname="login.ExtentReport"/>
  <testcase name="" time="48.918" classname="login.ExtentReport"/>
  <testcase name="" time="12.17" classname="login.ExtentReport"/>
  <testcase name="" time="12.155" classname="login.ExtentReport"/>
  <testcase name="" time="14.26" classname="login.ExtentReport"/>
  <testcase name="" time="5.118" classname="login.ExtentReport"/>
  <testcase name="" time="3.018" classname="login.ExtentReport"/>
</testsuite> <!-- Default test -->
